<?xml version="1.0" encoding="UTF-8"?>
<!-- Generated by org.testng.reporters.JUnitXMLReporter -->
<testsuite hostname="LP-5CD6518TWJ" ignored="1" name="Default test" tests="1" failures="0" timestamp="05 Feb 2021 11:01:08 GMT" time="89.609" errors="0">
  <testcase name="clickTest" time="60.66" classname="com.main.test.Click_Image_Profile_Assert"/>
  <testcase name="navigatetoScoll" time="0.0" classname="com.main.test.Click_Image_Profile_Assert">
    <ignored/>
  </testcase> <!-- navigatetoScoll -->
</testsuite> <!-- Default test -->
